2021-03-25 00:10:36.710  INFO 21152 --- [main] form.feedback.FeedbackApplication        : Starting FeedbackApplication using Java 11.0.8 on DESKTOP-C2B44TR with PID 21152 (C:\Users\ilja1\Desktop\feedback\build\classes\java\main started by ilja1 in C:\Users\ilja1\Desktop\feedback)
2021-03-25 00:10:36.732  INFO 21152 --- [main] form.feedback.FeedbackApplication        : No active profile set, falling back to default profiles: default
2021-03-25 00:10:38.939  INFO 21152 --- [main] .s.d.r.c.RepositoryConfigurationDelegate : Bootstrapping Spring Data JPA repositories in DEFAULT mode.
2021-03-25 00:10:39.059  INFO 21152 --- [main] .s.d.r.c.RepositoryConfigurationDelegate : Finished Spring Data repository scanning in 100 ms. Found 1 JPA repository interfaces.
2021-03-25 00:10:40.345  INFO 21152 --- [main] o.s.b.w.embedded.tomcat.TomcatWebServer  : Tomcat initialized with port(s): 8080 (http)
2021-03-25 00:10:40.373  INFO 21152 --- [main] o.apache.catalina.core.StandardService   : Starting service [Tomcat]
2021-03-25 00:10:40.374  INFO 21152 --- [main] org.apache.catalina.core.StandardEngine  : Starting Servlet engine: [Apache Tomcat/9.0.43]
2021-03-25 00:10:40.722  INFO 21152 --- [main] o.a.c.c.C.[Tomcat].[localhost].[/api]    : Initializing Spring embedded WebApplicationContext
2021-03-25 00:10:40.723  INFO 21152 --- [main] w.s.c.ServletWebServerApplicationContext : Root WebApplicationContext: initialization completed in 3879 ms
2021-03-25 00:10:40.790  INFO 21152 --- [main] com.zaxxer.hikari.HikariDataSource       : HikariPool-1 - Starting...
2021-03-25 00:10:41.044  INFO 21152 --- [main] com.zaxxer.hikari.HikariDataSource       : HikariPool-1 - Start completed.
2021-03-25 00:10:41.059  INFO 21152 --- [main] o.s.b.a.h2.H2ConsoleAutoConfiguration    : H2 console available at '/h2-console'. Database available at 'jdbc:h2:mem:testdb'
2021-03-25 00:10:41.348  INFO 21152 --- [main] o.hibernate.jpa.internal.util.LogHelper  : HHH000204: Processing PersistenceUnitInfo [name: default]
2021-03-25 00:10:41.491  INFO 21152 --- [main] org.hibernate.Version                    : HHH000412: Hibernate ORM core version 5.4.28.Final
2021-03-25 00:10:42.008  INFO 21152 --- [main] o.hibernate.annotations.common.Version   : HCANN000001: Hibernate Commons Annotations {5.1.2.Final}
2021-03-25 00:10:42.333  INFO 21152 --- [main] org.hibernate.dialect.Dialect            : HHH000400: Using dialect: org.hibernate.dialect.H2Dialect
2021-03-25 00:10:43.293  INFO 21152 --- [main] o.h.e.t.j.p.i.JtaPlatformInitiator       : HHH000490: Using JtaPlatform implementation: [org.hibernate.engine.transaction.jta.platform.internal.NoJtaPlatform]
2021-03-25 00:10:43.305  INFO 21152 --- [main] j.LocalContainerEntityManagerFactoryBean : Initialized JPA EntityManagerFactory for persistence unit 'default'
2021-03-25 00:10:43.873  WARN 21152 --- [main] JpaBaseConfiguration$JpaWebConfiguration : spring.jpa.open-in-view is enabled by default. Therefore, database queries may be performed during view rendering. Explicitly configure spring.jpa.open-in-view to disable this warning
2021-03-25 00:10:44.204  INFO 21152 --- [main] o.s.s.concurrent.ThreadPoolTaskExecutor  : Initializing ExecutorService 'applicationTaskExecutor'
2021-03-25 00:10:44.450  INFO 21152 --- [main] o.s.b.w.embedded.tomcat.TomcatWebServer  : Tomcat started on port(s): 8080 (http) with context path '/api'
2021-03-25 00:10:44.844  INFO 21152 --- [main] form.feedback.FeedbackApplication        : Started FeedbackApplication in 9.093 seconds (JVM running for 11.354)
2021-03-25 00:11:02.340  INFO 21152 --- [http-nio-8080-exec-1] o.a.c.c.C.[Tomcat].[localhost].[/api]    : Initializing Spring DispatcherServlet 'dispatcherServlet'
2021-03-25 00:11:02.342  INFO 21152 --- [http-nio-8080-exec-1] o.s.web.servlet.DispatcherServlet        : Initializing Servlet 'dispatcherServlet'
2021-03-25 00:11:02.346  INFO 21152 --- [http-nio-8080-exec-1] o.s.web.servlet.DispatcherServlet        : Completed initialization in 3 ms
